# JRE version: OpenJDK Runtime Environment (8.0_242-b01) (build 1.8.0_242-release-1644-b01)
# Java VM: OpenJDK 64-Bit Server VM (25.242-b01 mixed mode windows-amd64 compressed oops)
Heap:
 PSYoungGen      total 252416K, used 58382K [0x00000000d5580000, 0x00000000ea980000, 0x0000000100000000)
  eden space 219136K, 11% used [0x00000000d5580000,0x00000000d6e05380,0x00000000e2b80000)
  from space 33280K, 99% used [0x00000000e2b80000,0x00000000e4bfe4f0,0x00000000e4c00000)
  to   space 52736K, 40% used [0x00000000e7600000,0x00000000e8ae5808,0x00000000ea980000)
 ParOldGen       total 140800K, used 103608K [0x0000000080000000, 0x0000000088980000, 0x00000000d5580000)
  object space 140800K, 73% used [0x0000000080000000,0x000000008652e040,0x0000000088980000)
 Metaspace       used 87249K, capacity 92165K, committed 92184K, reserved 1128448K
  class space    used 11652K, capacity 12592K, committed 12592K, reserved 1048576K
GC Heap History (10 events):
Event: 57.167 GC heap after
Heap after GC invocations=16 (full 3):
 PSYoungGen      total 193536K, used 16651K [0x00000000d5580000, 0x00000000e4380000, 0x0000000100000000)
  eden space 174080K, 0% used [0x00000000d5580000,0x00000000d5580000,0x00000000dff80000)
  from space 19456K, 85% used [0x00000000dff80000,0x00000000e0fc2e88,0x00000000e1280000)
  to   space 21504K, 0% used [0x00000000e2e80000,0x00000000e2e80000,0x00000000e4380000)
 ParOldGen       total 140800K, used 33351K [0x0000000080000000, 0x0000000088980000, 0x00000000d5580000)
  object space 140800K, 23% used [0x0000000080000000,0x0000000082091fc0,0x0000000088980000)
 Metaspace       used 64982K, capacity 68130K, committed 68376K, reserved 1107968K
  class space    used 8820K, capacity 9463K, committed 9520K, reserved 1048576K
}
Event: 58.473 GC heap before
{Heap before GC invocations=17 (full 3):
 PSYoungGen      total 193536K, used 190545K [0x00000000d5580000, 0x00000000e4380000, 0x0000000100000000)
  eden space 174080K, 99% used [0x00000000d5580000,0x00000000dff51840,0x00000000dff80000)
  from space 19456K, 85% used [0x00000000dff80000,0x00000000e0fc2e88,0x00000000e1280000)
  to   space 21504K, 0% used [0x00000000e2e80000,0x00000000e2e80000,0x00000000e4380000)
 ParOldGen       total 140800K, used 33351K [0x0000000080000000, 0x0000000088980000, 0x00000000d5580000)
  object space 140800K, 23% used [0x0000000080000000,0x0000000082091fc0,0x0000000088980000)
 Metaspace       used 67354K, capacity 70650K, committed 70936K, reserved 1110016K
  class space    used 9057K, capacity 9735K, committed 9776K, reserved 1048576K
Event: 58.492 GC heap after
Heap after GC invocations=17 (full 3):
 PSYoungGen      total 216576K, used 21488K [0x00000000d5580000, 0x00000000e4f00000, 0x0000000100000000)
  eden space 195072K, 0% used [0x00000000d5580000,0x00000000d5580000,0x00000000e1400000)
  from space 21504K, 99% used [0x00000000e2e80000,0x00000000e437c358,0x00000000e4380000)
  to   space 27136K, 0% used [0x00000000e1400000,0x00000000e1400000,0x00000000e2e80000)
 ParOldGen       total 140800K, used 40826K [0x0000000080000000, 0x0000000088980000, 0x00000000d5580000)
  object space 140800K, 28% used [0x0000000080000000,0x00000000827debb8,0x0000000088980000)
 Metaspace       used 67354K, capacity 70650K, committed 70936K, reserved 1110016K
  class space    used 9057K, capacity 9735K, committed 9776K, reserved 1048576K
}
Event: 59.990 GC heap before
{Heap before GC invocations=18 (full 3):
 PSYoungGen      total 216576K, used 216560K [0x00000000d5580000, 0x00000000e4f00000, 0x0000000100000000)
  eden space 195072K, 100% used [0x00000000d5580000,0x00000000e1400000,0x00000000e1400000)
  from space 21504K, 99% used [0x00000000e2e80000,0x00000000e437c358,0x00000000e4380000)
  to   space 27136K, 0% used [0x00000000e1400000,0x00000000e1400000,0x00000000e2e80000)
 ParOldGen       total 140800K, used 40826K [0x0000000080000000, 0x0000000088980000, 0x00000000d5580000)
  object space 140800K, 28% used [0x0000000080000000,0x00000000827debb8,0x0000000088980000)
 Metaspace       used 71655K, capacity 74968K, committed 75288K, reserved 1114112K
  class space    used 9548K, capacity 10222K, committed 10288K, reserved 1048576K
Event: 60.006 GC heap after
Heap after GC invocations=18 (full 3):
 PSYoungGen      total 222208K, used 22399K [0x00000000d5580000, 0x00000000e6b00000, 0x0000000100000000)
  eden space 195072K, 0% used [0x00000000d5580000,0x00000000d5580000,0x00000000e1400000)
  from space 27136K, 82% used [0x00000000e1400000,0x00000000e29dfc30,0x00000000e2e80000)
  to   space 29696K, 0% used [0x00000000e4e00000,0x00000000e4e00000,0x00000000e6b00000)
 ParOldGen       total 140800K, used 51622K [0x0000000080000000, 0x0000000088980000, 0x00000000d5580000)
  object space 140800K, 36% used [0x0000000080000000,0x0000000083269830,0x0000000088980000)
 Metaspace       used 71655K, capacity 74968K, committed 75288K, reserved 1114112K
  class space    used 9548K, capacity 10222K, committed 10288K, reserved 1048576K
}
Event: 101.257 GC heap before
{Heap before GC invocations=19 (full 3):
 PSYoungGen      total 222208K, used 217470K [0x00000000d5580000, 0x00000000e6b00000, 0x0000000100000000)
  eden space 195072K, 99% used [0x00000000d5580000,0x00000000e13ffe88,0x00000000e1400000)
  from space 27136K, 82% used [0x00000000e1400000,0x00000000e29dfc30,0x00000000e2e80000)
  to   space 29696K, 0% used [0x00000000e4e00000,0x00000000e4e00000,0x00000000e6b00000)
 ParOldGen       total 140800K, used 51622K [0x0000000080000000, 0x0000000088980000, 0x00000000d5580000)
  object space 140800K, 36% used [0x0000000080000000,0x0000000083269830,0x0000000088980000)
 Metaspace       used 77404K, capacity 81046K, committed 81176K, reserved 1120256K
  class space    used 10225K, capacity 10955K, committed 11056K, reserved 1048576K
Event: 101.273 GC heap after
Heap after GC invocations=19 (full 3):
 PSYoungGen      total 248832K, used 26896K [0x00000000d5580000, 0x00000000e6c80000, 0x0000000100000000)
  eden space 219136K, 0% used [0x00000000d5580000,0x00000000d5580000,0x00000000e2b80000)
  from space 29696K, 90% used [0x00000000e4e00000,0x00000000e6844278,0x00000000e6b00000)
  to   space 33280K, 0% used [0x00000000e2b80000,0x00000000e2b80000,0x00000000e4c00000)
 ParOldGen       total 140800K, used 51630K [0x0000000080000000, 0x0000000088980000, 0x00000000d5580000)
  object space 140800K, 36% used [0x0000000080000000,0x000000008326b830,0x0000000088980000)
 Metaspace       used 77404K, capacity 81046K, committed 81176K, reserved 1120256K
  class space    used 10225K, capacity 10955K, committed 11056K, reserved 1048576K
}
Event: 102.910 GC heap before
{Heap before GC invocations=20 (full 3):
 PSYoungGen      total 248832K, used 246032K [0x00000000d5580000, 0x00000000e6c80000, 0x0000000100000000)
  eden space 219136K, 100% used [0x00000000d5580000,0x00000000e2b80000,0x00000000e2b80000)
  from space 29696K, 90% used [0x00000000e4e00000,0x00000000e6844278,0x00000000e6b00000)
  to   space 33280K, 0% used [0x00000000e2b80000,0x00000000e2b80000,0x00000000e4c00000)
 ParOldGen       total 140800K, used 51630K [0x0000000080000000, 0x0000000088980000, 0x00000000d5580000)
  object space 140800K, 36% used [0x0000000080000000,0x000000008326b830,0x0000000088980000)
 Metaspace       used 86419K, capacity 91188K, committed 91288K, reserved 1128448K
  class space    used 11529K, capacity 12444K, committed 12464K, reserved 1048576K
Event: 102.950 GC heap after
Heap after GC invocations=20 (full 3):
 PSYoungGen      total 252416K, used 33273K [0x00000000d5580000, 0x00000000ea980000, 0x0000000100000000)
  eden space 219136K, 0% used [0x00000000d5580000,0x00000000d5580000,0x00000000e2b80000)
  from space 33280K, 99% used [0x00000000e2b80000,0x00000000e4bfe4f0,0x00000000e4c00000)
  to   space 52736K, 0% used [0x00000000e7600000,0x00000000e7600000,0x00000000ea980000)
 ParOldGen       total 140800K, used 90190K [0x0000000080000000, 0x0000000088980000, 0x00000000d5580000)
  object space 140800K, 64% used [0x0000000080000000,0x0000000085813818,0x0000000088980000)
 Metaspace       used 86419K, capacity 91188K, committed 91288K, reserved 1128448K
  class space    used 11529K, capacity 12444K, committed 12464K, reserved 1048576K
}
Event: 103.083 GC heap before
{Heap before GC invocations=21 (full 3):
 PSYoungGen      total 252416K, used 58382K [0x00000000d5580000, 0x00000000ea980000, 0x0000000100000000)
  eden space 219136K, 11% used [0x00000000d5580000,0x00000000d6e05380,0x00000000e2b80000)
  from space 33280K, 99% used [0x00000000e2b80000,0x00000000e4bfe4f0,0x00000000e4c00000)
  to   space 52736K, 0% used [0x00000000e7600000,0x00000000e7600000,0x00000000ea980000)
 ParOldGen       total 140800K, used 90190K [0x0000000080000000, 0x0000000088980000, 0x00000000d5580000)
  object space 140800K, 64% used [0x0000000080000000,0x0000000085813818,0x0000000088980000)
 Metaspace       used 87249K, capacity 92165K, committed 92184K, reserved 1128448K
  class space    used 11652K, capacity 12592K, committed 12592K, reserved 1048576K

