# JRE version: OpenJDK Runtime Environment (8.0_242-b01) (build 1.8.0_242-release-1644-b01)
# Java VM: OpenJDK 64-Bit Server VM (25.242-b01 mixed mode windows-amd64 compressed oops)
Heap:
 PSYoungGen      total 210432K, used 102614K [0x00000000d5580000, 0x00000000e6200000, 0x0000000100000000)
  eden space 178176K, 52% used [0x00000000d5580000,0x00000000db13f088,0x00000000e0380000)
  from space 32256K, 26% used [0x00000000e0380000,0x00000000e0bf6a18,0x00000000e2300000)
  to   space 47104K, 0% used [0x00000000e3400000,0x00000000e3400000,0x00000000e6200000)
 ParOldGen       total 105984K, used 105570K [0x0000000080000000, 0x0000000086780000, 0x00000000d5580000)
  object space 105984K, 99% used [0x0000000080000000,0x00000000867189d0,0x0000000086780000)
 Metaspace       used 92593K, capacity 96930K, committed 97200K, reserved 1134592K
  class space    used 11881K, capacity 12655K, committed 12720K, reserved 1048576K
GC Heap History (10 events):
Event: 557.200 GC heap before
{Heap before GC invocations=69 (full 25):
 PSYoungGen      total 207872K, used 190590K [0x00000000d5580000, 0x00000000e4380000, 0x0000000100000000)
  eden space 172544K, 100% used [0x00000000d5580000,0x00000000dfe00000,0x00000000dfe00000)
  from space 35328K, 51% used [0x00000000dfe00000,0x00000000e0f9f808,0x00000000e2080000)
  to   space 33792K, 0% used [0x00000000e2280000,0x00000000e2280000,0x00000000e4380000)
 ParOldGen       total 101888K, used 76635K [0x0000000080000000, 0x0000000086380000, 0x00000000d5580000)
  object space 101888K, 75% used [0x0000000080000000,0x0000000084ad6e98,0x0000000086380000)
 Metaspace       used 92425K, capacity 96776K, committed 96944K, reserved 1134592K
  class space    used 11887K, capacity 12668K, committed 12720K, reserved 1048576K
Event: 557.212 GC heap after
Heap after GC invocations=69 (full 25):
 PSYoungGen      total 206848K, used 14476K [0x00000000d5580000, 0x00000000e4100000, 0x0000000100000000)
  eden space 175616K, 0% used [0x00000000d5580000,0x00000000d5580000,0x00000000e0100000)
  from space 31232K, 46% used [0x00000000e2280000,0x00000000e30a3120,0x00000000e4100000)
  to   space 32768K, 0% used [0x00000000e0100000,0x00000000e0100000,0x00000000e2100000)
 ParOldGen       total 101888K, used 77107K [0x0000000080000000, 0x0000000086380000, 0x00000000d5580000)
  object space 101888K, 75% used [0x0000000080000000,0x0000000084b4cc70,0x0000000086380000)
 Metaspace       used 92425K, capacity 96776K, committed 96944K, reserved 1134592K
  class space    used 11887K, capacity 12668K, committed 12720K, reserved 1048576K
}
Event: 557.564 GC heap before
{Heap before GC invocations=70 (full 25):
 PSYoungGen      total 206848K, used 190092K [0x00000000d5580000, 0x00000000e4100000, 0x0000000100000000)
  eden space 175616K, 100% used [0x00000000d5580000,0x00000000e0100000,0x00000000e0100000)
  from space 31232K, 46% used [0x00000000e2280000,0x00000000e30a3120,0x00000000e4100000)
  to   space 32768K, 0% used [0x00000000e0100000,0x00000000e0100000,0x00000000e2100000)
 ParOldGen       total 101888K, used 77107K [0x0000000080000000, 0x0000000086380000, 0x00000000d5580000)
  object space 101888K, 75% used [0x0000000080000000,0x0000000084b4cc70,0x0000000086380000)
 Metaspace       used 92428K, capacity 96776K, committed 96944K, reserved 1134592K
  class space    used 11887K, capacity 12668K, committed 12720K, reserved 1048576K
Event: 557.576 GC heap after
Heap after GC invocations=70 (full 25):
 PSYoungGen      total 208384K, used 15788K [0x00000000d5580000, 0x00000000e4200000, 0x0000000100000000)
  eden space 175616K, 0% used [0x00000000d5580000,0x00000000d5580000,0x00000000e0100000)
  from space 32768K, 48% used [0x00000000e0100000,0x00000000e106b3e8,0x00000000e2100000)
  to   space 31744K, 0% used [0x00000000e2300000,0x00000000e2300000,0x00000000e4200000)
 ParOldGen       total 101888K, used 77435K [0x0000000080000000, 0x0000000086380000, 0x00000000d5580000)
  object space 101888K, 76% used [0x0000000080000000,0x0000000084b9ec70,0x0000000086380000)
 Metaspace       used 92428K, capacity 96776K, committed 96944K, reserved 1134592K
  class space    used 11887K, capacity 12668K, committed 12720K, reserved 1048576K
}
Event: 558.298 GC heap before
{Heap before GC invocations=71 (full 25):
 PSYoungGen      total 208384K, used 191077K [0x00000000d5580000, 0x00000000e4200000, 0x0000000100000000)
  eden space 175616K, 99% used [0x00000000d5580000,0x00000000e00ae240,0x00000000e0100000)
  from space 32768K, 48% used [0x00000000e0100000,0x00000000e106b3e8,0x00000000e2100000)
  to   space 31744K, 0% used [0x00000000e2300000,0x00000000e2300000,0x00000000e4200000)
 ParOldGen       total 101888K, used 77435K [0x0000000080000000, 0x0000000086380000, 0x00000000d5580000)
  object space 101888K, 76% used [0x0000000080000000,0x0000000084b9ec70,0x0000000086380000)
 Metaspace       used 92446K, capacity 96782K, committed 96944K, reserved 1134592K
  class space    used 11887K, capacity 12669K, committed 12720K, reserved 1048576K
Event: 558.304 GC heap after
Heap after GC invocations=71 (full 25):
 PSYoungGen      total 209920K, used 4182K [0x00000000d5580000, 0x00000000e4280000, 0x0000000100000000)
  eden space 178176K, 0% used [0x00000000d5580000,0x00000000d5580000,0x00000000e0380000)
  from space 31744K, 13% used [0x00000000e2300000,0x00000000e2715b28,0x00000000e4200000)
  to   space 32256K, 0% used [0x00000000e0380000,0x00000000e0380000,0x00000000e2300000)
 ParOldGen       total 101888K, used 77699K [0x0000000080000000, 0x0000000086380000, 0x00000000d5580000)
  object space 101888K, 76% used [0x0000000080000000,0x0000000084be0c70,0x0000000086380000)
 Metaspace       used 92446K, capacity 96782K, committed 96944K, reserved 1134592K
  class space    used 11887K, capacity 12669K, committed 12720K, reserved 1048576K
}
Event: 559.286 GC heap before
{Heap before GC invocations=72 (full 25):
 PSYoungGen      total 209920K, used 182358K [0x00000000d5580000, 0x00000000e4280000, 0x0000000100000000)
  eden space 178176K, 100% used [0x00000000d5580000,0x00000000e0380000,0x00000000e0380000)
  from space 31744K, 13% used [0x00000000e2300000,0x00000000e2715b28,0x00000000e4200000)
  to   space 32256K, 0% used [0x00000000e0380000,0x00000000e0380000,0x00000000e2300000)
 ParOldGen       total 101888K, used 77699K [0x0000000080000000, 0x0000000086380000, 0x00000000d5580000)
  object space 101888K, 76% used [0x0000000080000000,0x0000000084be0c70,0x0000000086380000)
 Metaspace       used 92614K, capacity 96994K, committed 97200K, reserved 1134592K
  class space    used 11888K, capacity 12669K, committed 12720K, reserved 1048576K
Event: 559.330 GC heap after
Heap after GC invocations=72 (full 25):
 PSYoungGen      total 210432K, used 32230K [0x00000000d5580000, 0x00000000e6200000, 0x0000000100000000)
  eden space 178176K, 0% used [0x00000000d5580000,0x00000000d5580000,0x00000000e0380000)
  from space 32256K, 99% used [0x00000000e0380000,0x00000000e22f9878,0x00000000e2300000)
  to   space 47104K, 0% used [0x00000000e3400000,0x00000000e3400000,0x00000000e6200000)
 ParOldGen       total 105984K, used 105172K [0x0000000080000000, 0x0000000086780000, 0x00000000d5580000)
  object space 105984K, 99% used [0x0000000080000000,0x00000000866b5240,0x0000000086780000)
 Metaspace       used 92614K, capacity 96994K, committed 97200K, reserved 1134592K
  class space    used 11888K, capacity 12669K, committed 12720K, reserved 1048576K
}
Event: 559.330 GC heap before
{Heap before GC invocations=73 (full 26):
 PSYoungGen      total 210432K, used 32230K [0x00000000d5580000, 0x00000000e6200000, 0x0000000100000000)
  eden space 178176K, 0% used [0x00000000d5580000,0x00000000d5580000,0x00000000e0380000)
  from space 32256K, 99% used [0x00000000e0380000,0x00000000e22f9878,0x00000000e2300000)
  to   space 47104K, 0% used [0x00000000e3400000,0x00000000e3400000,0x00000000e6200000)
 ParOldGen       total 105984K, used 105172K [0x0000000080000000, 0x0000000086780000, 0x00000000d5580000)
  object space 105984K, 99% used [0x0000000080000000,0x00000000866b5240,0x0000000086780000)
 Metaspace       used 92614K, capacity 96994K, committed 97200K, reserved 1134592K
  class space    used 11888K, capacity 12669K, committed 12720K, reserved 1048576K
Event: 559.975 GC heap after
Heap after GC invocations=73 (full 26):
 PSYoungGen      total 210432K, used 8666K [0x00000000d5580000, 0x00000000e6200000, 0x0000000100000000)
  eden space 178176K, 0% used [0x00000000d5580000,0x00000000d5580000,0x00000000e0380000)
  from space 32256K, 26% used [0x00000000e0380000,0x00000000e0bf6a18,0x00000000e2300000)
  to   space 47104K, 0% used [0x00000000e3400000,0x00000000e3400000,0x00000000e6200000)
 ParOldGen       total 105984K, used 105570K [0x0000000080000000, 0x0000000086780000, 0x00000000d5580000)
  object space 105984K, 99% used [0x0000000080000000,0x00000000867189d0,0x0000000086780000)
 Metaspace       used 92585K, capacity 96930K, committed 97200K, reserved 1134592K
  class space    used 11881K, capacity 12655K, committed 12720K, reserved 1048576K
}

