# JRE version: OpenJDK Runtime Environment (8.0_242-b01) (build 1.8.0_242-release-1644-b01)
# Java VM: OpenJDK 64-Bit Server VM (25.242-b01 mixed mode windows-amd64 compressed oops)
Heap:
 PSYoungGen      total 563200K, used 453132K [0x00000000d5580000, 0x0000000100000000, 0x0000000100000000)
  eden space 534528K, 79% used [0x00000000d5580000,0x00000000ef404460,0x00000000f5f80000)
  from space 28672K, 99% used [0x00000000f5f80000,0x00000000f7b7ec68,0x00000000f7b80000)
  to   space 41984K, 0% used [0x00000000fd700000,0x00000000fd700000,0x0000000100000000)
 ParOldGen       total 113664K, used 58183K [0x0000000080000000, 0x0000000086f00000, 0x00000000d5580000)
  object space 113664K, 51% used [0x0000000080000000,0x00000000838d1da0,0x0000000086f00000)
 Metaspace       used 89286K, capacity 94602K, committed 94896K, reserved 1130496K
  class space    used 12171K, capacity 13111K, committed 13232K, reserved 1048576K
GC Heap History (10 events):
Event: 13.505 GC heap before
{Heap before GC invocations=10 (full 2):
 PSYoungGen      total 276480K, used 260096K [0x00000000d5580000, 0x00000000f3100000, 0x0000000100000000)
  eden space 260096K, 100% used [0x00000000d5580000,0x00000000e5380000,0x00000000e5380000)
  from space 16384K, 0% used [0x00000000e5380000,0x00000000e5380000,0x00000000e6380000)
  to   space 15360K, 0% used [0x00000000f2200000,0x00000000f2200000,0x00000000f3100000)
 ParOldGen       total 75264K, used 15099K [0x0000000080000000, 0x0000000084980000, 0x00000000d5580000)
  object space 75264K, 20% used [0x0000000080000000,0x0000000080ebed88,0x0000000084980000)
 Metaspace       used 54193K, capacity 56292K, committed 56624K, reserved 1097728K
  class space    used 7398K, capacity 7867K, committed 7984K, reserved 1048576K
Event: 13.524 GC heap after
Heap after GC invocations=10 (full 2):
 PSYoungGen      total 415232K, used 15332K [0x00000000d5580000, 0x00000000f3100000, 0x0000000100000000)
  eden space 399872K, 0% used [0x00000000d5580000,0x00000000d5580000,0x00000000edc00000)
  from space 15360K, 99% used [0x00000000f2200000,0x00000000f30f9310,0x00000000f3100000)
  to   space 24576K, 0% used [0x00000000f0100000,0x00000000f0100000,0x00000000f1900000)
 ParOldGen       total 75264K, used 30706K [0x0000000080000000, 0x0000000084980000, 0x00000000d5580000)
  object space 75264K, 40% used [0x0000000080000000,0x0000000081dfc948,0x0000000084980000)
 Metaspace       used 54193K, capacity 56292K, committed 56624K, reserved 1097728K
  class space    used 7398K, capacity 7867K, committed 7984K, reserved 1048576K
}
Event: 13.893 GC heap before
{Heap before GC invocations=11 (full 2):
 PSYoungGen      total 415232K, used 60742K [0x00000000d5580000, 0x00000000f3100000, 0x0000000100000000)
  eden space 399872K, 11% used [0x00000000d5580000,0x00000000d81d88a8,0x00000000edc00000)
  from space 15360K, 99% used [0x00000000f2200000,0x00000000f30f9310,0x00000000f3100000)
  to   space 24576K, 0% used [0x00000000f0100000,0x00000000f0100000,0x00000000f1900000)
 ParOldGen       total 75264K, used 30706K [0x0000000080000000, 0x0000000084980000, 0x00000000d5580000)
  object space 75264K, 40% used [0x0000000080000000,0x0000000081dfc948,0x0000000084980000)
 Metaspace       used 56980K, capacity 59086K, committed 59160K, reserved 1099776K
  class space    used 7855K, capacity 8345K, committed 8368K, reserved 1048576K
Event: 13.906 GC heap after
Heap after GC invocations=11 (full 2):
 PSYoungGen      total 462336K, used 19091K [0x00000000d5580000, 0x00000000f9500000, 0x0000000100000000)
  eden space 437760K, 0% used [0x00000000d5580000,0x00000000d5580000,0x00000000f0100000)
  from space 24576K, 77% used [0x00000000f0100000,0x00000000f13a4f88,0x00000000f1900000)
  to   space 26112K, 0% used [0x00000000f7b80000,0x00000000f7b80000,0x00000000f9500000)
 ParOldGen       total 75264K, used 30714K [0x0000000080000000, 0x0000000084980000, 0x00000000d5580000)
  object space 75264K, 40% used [0x0000000080000000,0x0000000081dfe948,0x0000000084980000)
 Metaspace       used 56980K, capacity 59086K, committed 59160K, reserved 1099776K
  class space    used 7855K, capacity 8345K, committed 8368K, reserved 1048576K
}
Event: 13.906 GC heap before
{Heap before GC invocations=12 (full 3):
 PSYoungGen      total 462336K, used 19091K [0x00000000d5580000, 0x00000000f9500000, 0x0000000100000000)
  eden space 437760K, 0% used [0x00000000d5580000,0x00000000d5580000,0x00000000f0100000)
  from space 24576K, 77% used [0x00000000f0100000,0x00000000f13a4f88,0x00000000f1900000)
  to   space 26112K, 0% used [0x00000000f7b80000,0x00000000f7b80000,0x00000000f9500000)
 ParOldGen       total 75264K, used 30714K [0x0000000080000000, 0x0000000084980000, 0x00000000d5580000)
  object space 75264K, 40% used [0x0000000080000000,0x0000000081dfe948,0x0000000084980000)
 Metaspace       used 56980K, capacity 59086K, committed 59160K, reserved 1099776K
  class space    used 7855K, capacity 8345K, committed 8368K, reserved 1048576K
Event: 14.090 GC heap after
Heap after GC invocations=12 (full 3):
 PSYoungGen      total 462336K, used 0K [0x00000000d5580000, 0x00000000f9500000, 0x0000000100000000)
  eden space 437760K, 0% used [0x00000000d5580000,0x00000000d5580000,0x00000000f0100000)
  from space 24576K, 0% used [0x00000000f0100000,0x00000000f0100000,0x00000000f1900000)
  to   space 26112K, 0% used [0x00000000f7b80000,0x00000000f7b80000,0x00000000f9500000)
 ParOldGen       total 113664K, used 33755K [0x0000000080000000, 0x0000000086f00000, 0x00000000d5580000)
  object space 113664K, 29% used [0x0000000080000000,0x00000000820f6f78,0x0000000086f00000)
 Metaspace       used 56937K, capacity 58936K, committed 59160K, reserved 1099776K
  class space    used 7842K, capacity 8320K, committed 8368K, reserved 1048576K
}
Event: 25.113 GC heap before
{Heap before GC invocations=13 (full 3):
 PSYoungGen      total 462336K, used 437760K [0x00000000d5580000, 0x00000000f9500000, 0x0000000100000000)
  eden space 437760K, 100% used [0x00000000d5580000,0x00000000f0100000,0x00000000f0100000)
  from space 24576K, 0% used [0x00000000f0100000,0x00000000f0100000,0x00000000f1900000)
  to   space 26112K, 0% used [0x00000000f7b80000,0x00000000f7b80000,0x00000000f9500000)
 ParOldGen       total 113664K, used 33755K [0x0000000080000000, 0x0000000086f00000, 0x00000000d5580000)
  object space 113664K, 29% used [0x0000000080000000,0x00000000820f6f78,0x0000000086f00000)
 Metaspace       used 65566K, capacity 68836K, committed 69040K, reserved 1107968K
  class space    used 8981K, capacity 9638K, committed 9648K, reserved 1048576K
Event: 25.127 GC heap after
Heap after GC invocations=13 (full 3):
 PSYoungGen      total 560640K, used 21738K [0x00000000d5580000, 0x00000000fb400000, 0x0000000100000000)
  eden space 534528K, 0% used [0x00000000d5580000,0x00000000d5580000,0x00000000f5f80000)
  from space 26112K, 83% used [0x00000000f7b80000,0x00000000f90babc8,0x00000000f9500000)
  to   space 28672K, 0% used [0x00000000f5f80000,0x00000000f5f80000,0x00000000f7b80000)
 ParOldGen       total 113664K, used 33763K [0x0000000080000000, 0x0000000086f00000, 0x00000000d5580000)
  object space 113664K, 29% used [0x0000000080000000,0x00000000820f8f78,0x0000000086f00000)
 Metaspace       used 65566K, capacity 68836K, committed 69040K, reserved 1107968K
  class space    used 8981K, capacity 9638K, committed 9648K, reserved 1048576K
}
Event: 46.116 GC heap before
{Heap before GC invocations=14 (full 3):
 PSYoungGen      total 560640K, used 556266K [0x00000000d5580000, 0x00000000fb400000, 0x0000000100000000)
  eden space 534528K, 100% used [0x00000000d5580000,0x00000000f5f80000,0x00000000f5f80000)
  from space 26112K, 83% used [0x00000000f7b80000,0x00000000f90babc8,0x00000000f9500000)
  to   space 28672K, 0% used [0x00000000f5f80000,0x00000000f5f80000,0x00000000f7b80000)
 ParOldGen       total 113664K, used 33763K [0x0000000080000000, 0x0000000086f00000, 0x00000000d5580000)
  object space 113664K, 29% used [0x0000000080000000,0x00000000820f8f78,0x0000000086f00000)
 Metaspace       used 85584K, capacity 90588K, committed 90672K, reserved 1128448K
  class space    used 11632K, capacity 12552K, committed 12592K, reserved 1048576K
Event: 46.148 GC heap after
Heap after GC invocations=14 (full 3):
 PSYoungGen      total 563200K, used 28667K [0x00000000d5580000, 0x0000000100000000, 0x0000000100000000)
  eden space 534528K, 0% used [0x00000000d5580000,0x00000000d5580000,0x00000000f5f80000)
  from space 28672K, 99% used [0x00000000f5f80000,0x00000000f7b7ec68,0x00000000f7b80000)
  to   space 41984K, 0% used [0x00000000fd700000,0x00000000fd700000,0x0000000100000000)
 ParOldGen       total 113664K, used 58183K [0x0000000080000000, 0x0000000086f00000, 0x00000000d5580000)
  object space 113664K, 51% used [0x0000000080000000,0x00000000838d1da0,0x0000000086f00000)
 Metaspace       used 85584K, capacity 90588K, committed 90672K, reserved 1128448K
  class space    used 11632K, capacity 12552K, committed 12592K, reserved 1048576K
}

